[2019-01-31 12:31:46.283] [exthost] [info] extension host started
[2019-01-31 12:31:46.327] [exthost] [info] ExtensionService#_doActivateExtension vscode.debug-auto-launch {"startup":true,"activationEvent":"*"}
[2019-01-31 12:31:46.327] [exthost] [info] ExtensionService#loadCommonJSModule /usr/lib/code/extensions/debug-auto-launch/dist/extension
[2019-01-31 12:31:46.384] [exthost] [info] ExtensionService#_doActivateExtension vscode.emmet {"startup":true,"activationEvent":"*"}
[2019-01-31 12:31:46.384] [exthost] [info] ExtensionService#loadCommonJSModule /usr/lib/code/extensions/emmet/dist/extension
[2019-01-31 12:31:46.450] [exthost] [info] ExtensionService#_doActivateExtension vscode.git {"startup":true,"activationEvent":"*"}
[2019-01-31 12:31:46.450] [exthost] [info] ExtensionService#loadCommonJSModule /usr/lib/code/extensions/git/dist/main
[2019-01-31 12:31:46.760] [exthost] [info] ExtensionService#_doActivateExtension vscode.merge-conflict {"startup":true,"activationEvent":"*"}
[2019-01-31 12:31:46.760] [exthost] [info] ExtensionService#loadCommonJSModule /usr/lib/code/extensions/merge-conflict/dist/extension
[2019-01-31 12:31:46.800] [exthost] [info] ExtensionService#_doActivateExtension dbaeumer.vscode-eslint {"startup":true,"activationEvent":"*"}
[2019-01-31 12:31:46.800] [exthost] [info] ExtensionService#loadCommonJSModule /home/thunde7/.vscode-oss/extensions/dbaeumer.vscode-eslint-1.8.0/client/out/extension
[2019-01-31 12:31:47.010] [exthost] [info] ExtensionService#_doActivateExtension Equinusocio.vsc-material-theme {"startup":true,"activationEvent":"*"}
[2019-01-31 12:31:47.010] [exthost] [info] ExtensionService#loadCommonJSModule /home/thunde7/.vscode-oss/extensions/equinusocio.vsc-material-theme-2.6.3/extensions/material.theme.config.js
[2019-01-31 12:31:47.088] [exthost] [info] ExtensionService#_doActivateExtension oderwat.indent-rainbow {"startup":true,"activationEvent":"*"}
[2019-01-31 12:31:47.088] [exthost] [info] ExtensionService#loadCommonJSModule /home/thunde7/.vscode-oss/extensions/oderwat.indent-rainbow-7.2.4/out/extension
[2019-01-31 12:31:47.124] [exthost] [info] ExtensionService#_doActivateExtension PKief.material-icon-theme {"startup":true,"activationEvent":"*"}
[2019-01-31 12:31:47.124] [exthost] [info] ExtensionService#loadCommonJSModule /home/thunde7/.vscode-oss/extensions/pkief.material-icon-theme-3.6.2/out/src/extension
[2019-01-31 12:31:47.262] [exthost] [info] ExtensionService#_doActivateExtension vscode.python {"startup":false,"activationEvent":"onLanguage:python"}
[2019-01-31 12:31:47.262] [exthost] [info] ExtensionService#loadCommonJSModule /usr/lib/code/extensions/python/out/pythonMain
[2019-01-31 12:31:47.297] [exthost] [info] ExtensionService#_doActivateExtension ms-python.python {"startup":false,"activationEvent":"onLanguage:python"}
[2019-01-31 12:31:47.297] [exthost] [info] ExtensionService#loadCommonJSModule /home/thunde7/.vscode-oss/extensions/ms-python.python-2019.1.0/out/client/extension
[2019-01-31 12:31:48.406] [exthost] [info] eager extensions activated
[2019-01-31 12:32:14.948] [exthost] [info] ExtensionService#_doActivateExtension formulahendry.code-runner {"startup":false,"activationEvent":"onCommand:code-runner.run"}
[2019-01-31 12:32:14.948] [exthost] [info] ExtensionService#loadCommonJSModule /home/thunde7/.vscode-oss/extensions/formulahendry.code-runner-0.9.7/out/src/extension
