[2019-01-30 16:36:18.865] [sharedprocess] [info] main {"machineId":"86c8eef51cab6658e3a2c03881dc7dcfcd9a156c302064ac4bbde35a3cd28f6d"}
[2019-01-30 16:36:18.903] [sharedprocess] [info] Scanned user extensions: 0
[2019-01-30 16:36:18.991] [sharedprocess] [info] Scanned user extensions: 0
[2019-01-30 16:36:19.007] [sharedprocess] [info] Scanned user extensions: 0
[2019-01-30 16:36:19.011] [sharedprocess] [info] Scanned user extensions: 0
[2019-01-30 16:36:19.134] [sharedprocess] [info] Scanned system extensions: 71
[2019-01-30 16:36:19.143] [sharedprocess] [info] Scanned system extensions: 71
[2019-01-30 16:36:26.280] [sharedprocess] [info] Scanned user extensions: 0
[2019-01-30 16:36:26.295] [sharedprocess] [info] Scanned user extensions: 0
[2019-01-30 16:36:26.300] [sharedprocess] [info] Scanned user extensions: 0
[2019-01-30 16:36:26.331] [sharedprocess] [info] Scanned user extensions: 0
[2019-01-30 16:36:26.565] [sharedprocess] [info] Scanned system extensions: 71
[2019-01-30 16:36:26.582] [sharedprocess] [info] Scanned system extensions: 71
[2019-01-30 16:36:26.592] [sharedprocess] [info] Scanned system extensions: 71
[2019-01-30 16:36:58.873] [sharedprocess] [info] Starting to clean up unused language packs.
[2019-01-30 16:38:09.798] [sharedprocess] [info] Installing extension: csharp
[2019-01-30 16:38:09.800] [sharedprocess] [info] Scanned user extensions: 0
[2019-01-30 16:38:12.365] [sharedprocess] [info] Downloaded extension: csharp /tmp/5cf11a1e-e762-49c8-9c96-c5466f779967
[2019-01-30 16:38:17.447] [sharedprocess] [info] Scanned user extensions: 0
[2019-01-30 16:38:17.530] [sharedprocess] [info] Scanned system extensions: 71
[2019-01-30 16:38:22.446] [sharedprocess] [info] Installing extension: code-runner
[2019-01-30 16:38:22.452] [sharedprocess] [info] Scanned user extensions: 0
[2019-01-30 16:38:23.483] [sharedprocess] [info] Extracted extension to /home/thunde7/.vscode-oss/extensions/.ms-vscode.csharp-1.17.1: ms-vscode.csharp-1.17.1
[2019-01-30 16:38:23.484] [sharedprocess] [info] Renamed to /home/thunde7/.vscode-oss/extensions/ms-vscode.csharp-1.17.1
[2019-01-30 16:38:23.506] [sharedprocess] [info] Installation completed. ms-vscode.csharp-1.17.1
[2019-01-30 16:38:23.588] [sharedprocess] [info] Extensions installed successfully: ms-vscode.csharp
[2019-01-30 16:38:23.737] [sharedprocess] [info] Scanned user extensions: 1
[2019-01-30 16:38:23.810] [sharedprocess] [info] Scanned system extensions: 71
[2019-01-30 16:38:23.895] [sharedprocess] [info] Downloaded extension: code-runner /tmp/d74a1990-7687-4141-a057-18a602a486fc
[2019-01-30 16:38:24.881] [sharedprocess] [info] Scanned user extensions: 1
[2019-01-30 16:38:24.953] [sharedprocess] [info] Scanned system extensions: 71
[2019-01-30 16:38:26.191] [sharedprocess] [info] Extracted extension to /home/thunde7/.vscode-oss/extensions/.formulahendry.code-runner-0.9.7: formulahendry.code-runner-0.9.7
[2019-01-30 16:38:26.192] [sharedprocess] [info] Renamed to /home/thunde7/.vscode-oss/extensions/formulahendry.code-runner-0.9.7
[2019-01-30 16:38:26.196] [sharedprocess] [info] Installation completed. formulahendry.code-runner-0.9.7
[2019-01-30 16:38:26.282] [sharedprocess] [info] Extensions installed successfully: formulahendry.code-runner
[2019-01-30 16:38:26.556] [sharedprocess] [info] Scanned user extensions: 2
[2019-01-30 16:38:26.607] [sharedprocess] [info] Scanned system extensions: 71
[2019-01-30 16:38:31.148] [sharedprocess] [info] Installing extension: vscode-eslint
[2019-01-30 16:38:31.169] [sharedprocess] [info] Scanned user extensions: 2
[2019-01-30 16:38:32.035] [sharedprocess] [info] Downloaded extension: vscode-eslint /tmp/3cbc09d2-a0ea-4356-8b89-23745c4a2612
[2019-01-30 16:38:32.590] [sharedprocess] [info] Extracted extension to /home/thunde7/.vscode-oss/extensions/.dbaeumer.vscode-eslint-1.8.0: dbaeumer.vscode-eslint-1.8.0
[2019-01-30 16:38:32.591] [sharedprocess] [info] Renamed to /home/thunde7/.vscode-oss/extensions/dbaeumer.vscode-eslint-1.8.0
[2019-01-30 16:38:32.593] [sharedprocess] [info] Installation completed. dbaeumer.vscode-eslint-1.8.0
[2019-01-30 16:38:32.660] [sharedprocess] [info] Extensions installed successfully: dbaeumer.vscode-eslint
[2019-01-30 16:38:32.815] [sharedprocess] [info] Scanned user extensions: 3
[2019-01-30 16:38:32.853] [sharedprocess] [info] Scanned system extensions: 71
[2019-01-30 16:38:38.613] [sharedprocess] [info] Installing extension: indent-rainbow
[2019-01-30 16:38:38.827] [sharedprocess] [info] Scanned user extensions: 3
[2019-01-30 16:38:41.532] [sharedprocess] [info] Downloaded extension: indent-rainbow /tmp/e0526513-e3dc-40c2-b82f-80761acd6b18
[2019-01-30 16:38:46.752] [sharedprocess] [info] Installing extension: java
[2019-01-30 16:38:46.773] [sharedprocess] [info] Scanned user extensions: 3
[2019-01-30 16:38:49.885] [sharedprocess] [info] Extracted extension to /home/thunde7/.vscode-oss/extensions/.oderwat.indent-rainbow-7.2.4: oderwat.indent-rainbow-7.2.4
[2019-01-30 16:38:49.886] [sharedprocess] [info] Renamed to /home/thunde7/.vscode-oss/extensions/oderwat.indent-rainbow-7.2.4
[2019-01-30 16:38:49.889] [sharedprocess] [info] Installation completed. oderwat.indent-rainbow-7.2.4
[2019-01-30 16:38:50.008] [sharedprocess] [info] Extensions installed successfully: oderwat.indent-rainbow
[2019-01-30 16:38:50.168] [sharedprocess] [info] Scanned user extensions: 4
[2019-01-30 16:38:50.266] [sharedprocess] [info] Scanned system extensions: 71
[2019-01-30 16:38:53.766] [sharedprocess] [info] Installing extension: linux-themes
[2019-01-30 16:38:53.793] [sharedprocess] [info] Scanned user extensions: 4
[2019-01-30 16:38:56.396] [sharedprocess] [info] Downloaded extension: linux-themes /tmp/1887d9a0-784e-41de-bfc3-2a9cbf600106
[2019-01-30 16:38:56.576] [sharedprocess] [info] Scanned user extensions: 4
[2019-01-30 16:38:56.663] [sharedprocess] [info] Scanned system extensions: 71
[2019-01-30 16:38:56.688] [sharedprocess] [info] Extracted extension to /home/thunde7/.vscode-oss/extensions/.solarliner.linux-themes-1.0.1: solarliner.linux-themes-1.0.1
[2019-01-30 16:38:56.689] [sharedprocess] [info] Renamed to /home/thunde7/.vscode-oss/extensions/solarliner.linux-themes-1.0.1
[2019-01-30 16:38:56.693] [sharedprocess] [info] Installation completed. solarliner.linux-themes-1.0.1
[2019-01-30 16:38:56.765] [sharedprocess] [info] Extensions installed successfully: solarliner.linux-themes
[2019-01-30 16:38:56.904] [sharedprocess] [info] Scanned user extensions: 5
[2019-01-30 16:38:56.965] [sharedprocess] [info] Scanned system extensions: 71
[2019-01-30 16:39:07.800] [sharedprocess] [info] Installing extension: vscode-markdownlint
[2019-01-30 16:39:07.817] [sharedprocess] [info] Scanned user extensions: 5
[2019-01-30 16:39:08.992] [sharedprocess] [info] Downloaded extension: vscode-markdownlint /tmp/a0ebc575-c3a0-4e35-bedc-1097db987399
[2019-01-30 16:39:09.981] [sharedprocess] [info] Extracted extension to /home/thunde7/.vscode-oss/extensions/.davidanson.vscode-markdownlint-0.23.0: davidanson.vscode-markdownlint-0.23.0
[2019-01-30 16:39:09.981] [sharedprocess] [info] Renamed to /home/thunde7/.vscode-oss/extensions/davidanson.vscode-markdownlint-0.23.0
[2019-01-30 16:39:09.990] [sharedprocess] [info] Installation completed. davidanson.vscode-markdownlint-0.23.0
[2019-01-30 16:39:10.062] [sharedprocess] [info] Extensions installed successfully: davidanson.vscode-markdownlint
[2019-01-30 16:39:10.209] [sharedprocess] [info] Scanned user extensions: 6
[2019-01-30 16:39:10.303] [sharedprocess] [info] Scanned system extensions: 71
[2019-01-30 16:39:10.320] [sharedprocess] [info] Downloaded extension: java /tmp/781b49e0-26cf-463b-a4e6-0742a890fd24
[2019-01-30 16:39:12.402] [sharedprocess] [info] Extracted extension to /home/thunde7/.vscode-oss/extensions/.redhat.java-0.37.0: redhat.java-0.37.0
[2019-01-30 16:39:12.403] [sharedprocess] [info] Renamed to /home/thunde7/.vscode-oss/extensions/redhat.java-0.37.0
[2019-01-30 16:39:12.405] [sharedprocess] [info] Installation completed. redhat.java-0.37.0
[2019-01-30 16:39:12.485] [sharedprocess] [info] Extensions installed successfully: redhat.java
[2019-01-30 16:39:12.635] [sharedprocess] [info] Scanned user extensions: 7
[2019-01-30 16:39:12.684] [sharedprocess] [info] Scanned system extensions: 71
[2019-01-30 16:39:24.975] [sharedprocess] [info] Installing extension: material-icon-theme
[2019-01-30 16:39:24.998] [sharedprocess] [info] Scanned user extensions: 7
[2019-01-30 16:39:25.872] [sharedprocess] [info] Downloaded extension: material-icon-theme /tmp/9c7ae23e-f83a-4d31-9351-99b0a2854101
[2019-01-30 16:39:27.536] [sharedprocess] [info] Extracted extension to /home/thunde7/.vscode-oss/extensions/.pkief.material-icon-theme-3.6.2: pkief.material-icon-theme-3.6.2
[2019-01-30 16:39:27.536] [sharedprocess] [info] Renamed to /home/thunde7/.vscode-oss/extensions/pkief.material-icon-theme-3.6.2
[2019-01-30 16:39:27.541] [sharedprocess] [info] Installation completed. pkief.material-icon-theme-3.6.2
[2019-01-30 16:39:27.601] [sharedprocess] [info] Extensions installed successfully: pkief.material-icon-theme
[2019-01-30 16:39:27.744] [sharedprocess] [info] Scanned user extensions: 8
[2019-01-30 16:39:27.797] [sharedprocess] [info] Scanned system extensions: 71
[2019-01-30 16:39:31.742] [sharedprocess] [info] Installing extension: python
[2019-01-30 16:39:31.769] [sharedprocess] [info] Scanned user extensions: 8
[2019-01-30 16:39:43.159] [sharedprocess] [info] Downloaded extension: python /tmp/38cc38cc-42d5-40f0-96c7-adec746899c0
[2019-01-30 16:39:44.701] [sharedprocess] [info] Installing extension: theme-material-theme
[2019-01-30 16:39:44.734] [sharedprocess] [info] Scanned user extensions: 8
[2019-01-30 16:39:45.269] [sharedprocess] [info] Downloaded extension: theme-material-theme /tmp/f989a56f-a419-4c4e-8434-f61cef547c28
[2019-01-30 16:39:45.386] [sharedprocess] [info] Extracted extension to /home/thunde7/.vscode-oss/extensions/.jprestidge.theme-material-theme-1.0.1: jprestidge.theme-material-theme-1.0.1
[2019-01-30 16:39:45.387] [sharedprocess] [info] Renamed to /home/thunde7/.vscode-oss/extensions/jprestidge.theme-material-theme-1.0.1
[2019-01-30 16:39:45.390] [sharedprocess] [info] Installation completed. jprestidge.theme-material-theme-1.0.1
[2019-01-30 16:39:45.465] [sharedprocess] [info] Extensions installed successfully: jprestidge.theme-material-theme
[2019-01-30 16:39:45.533] [sharedprocess] [info] Installing extension: vsc-material-theme
[2019-01-30 16:39:45.567] [sharedprocess] [info] Scanned user extensions: 9
[2019-01-30 16:39:45.736] [sharedprocess] [info] Scanned user extensions: 9
[2019-01-30 16:39:45.868] [sharedprocess] [info] Scanned system extensions: 71
[2019-01-30 16:39:46.618] [sharedprocess] [info] Downloaded extension: vsc-material-theme /tmp/ad1992dd-8c04-411c-bcee-c1bc2ebb8dda
[2019-01-30 16:39:47.123] [sharedprocess] [info] Extracted extension to /home/thunde7/.vscode-oss/extensions/.ms-python.python-2019.1.0: ms-python.python-2019.1.0
[2019-01-30 16:39:47.123] [sharedprocess] [info] Renamed to /home/thunde7/.vscode-oss/extensions/ms-python.python-2019.1.0
[2019-01-30 16:39:47.136] [sharedprocess] [info] Installation completed. ms-python.python-2019.1.0
[2019-01-30 16:39:47.204] [sharedprocess] [info] Extensions installed successfully: ms-python.python
[2019-01-30 16:39:47.364] [sharedprocess] [info] Scanned user extensions: 10
[2019-01-30 16:39:47.442] [sharedprocess] [info] Scanned system extensions: 71
[2019-01-30 16:39:48.153] [sharedprocess] [info] Scanned user extensions: 10
[2019-01-30 16:39:48.222] [sharedprocess] [info] Scanned system extensions: 71
[2019-01-30 16:39:49.207] [sharedprocess] [info] Extracted extension to /home/thunde7/.vscode-oss/extensions/.equinusocio.vsc-material-theme-2.6.3: equinusocio.vsc-material-theme-2.6.3
[2019-01-30 16:39:49.208] [sharedprocess] [info] Renamed to /home/thunde7/.vscode-oss/extensions/equinusocio.vsc-material-theme-2.6.3
[2019-01-30 16:39:49.210] [sharedprocess] [info] Installation completed. equinusocio.vsc-material-theme-2.6.3
[2019-01-30 16:39:49.351] [sharedprocess] [info] Extensions installed successfully: equinusocio.vsc-material-theme
[2019-01-30 16:39:49.511] [sharedprocess] [info] Scanned user extensions: 11
[2019-01-30 16:39:49.574] [sharedprocess] [info] Scanned system extensions: 71
[2019-01-30 16:41:19.070] [sharedprocess] [info] Scanned user extensions: 11
[2019-01-30 16:41:19.079] [sharedprocess] [info] Scanned user extensions: 11
[2019-01-30 16:41:19.091] [sharedprocess] [info] Scanned user extensions: 11
[2019-01-30 16:41:19.105] [sharedprocess] [info] Scanned user extensions: 11
[2019-01-30 16:41:19.110] [sharedprocess] [info] Scanned user extensions: 11
[2019-01-30 16:41:19.111] [sharedprocess] [info] Scanned user extensions: 11
[2019-01-30 16:41:19.316] [sharedprocess] [info] Scanned system extensions: 71
[2019-01-30 16:41:19.339] [sharedprocess] [info] Scanned system extensions: 71
[2019-01-30 16:41:19.360] [sharedprocess] [info] Scanned system extensions: 71
[2019-01-30 16:41:19.379] [sharedprocess] [info] Scanned system extensions: 71
[2019-01-30 16:41:19.869] [sharedprocess] [info] Scanned user extensions: 11
[2019-01-30 16:41:46.861] [sharedprocess] [info] Scanned user extensions: 11
[2019-01-30 16:41:46.862] [sharedprocess] [info] Scanned user extensions: 11
[2019-01-30 16:41:46.883] [sharedprocess] [info] Scanned user extensions: 11
[2019-01-30 16:41:46.898] [sharedprocess] [info] Scanned user extensions: 11
[2019-01-30 16:41:46.907] [sharedprocess] [info] Scanned user extensions: 11
[2019-01-30 16:41:46.908] [sharedprocess] [info] Scanned user extensions: 11
[2019-01-30 16:41:47.260] [sharedprocess] [info] Scanned system extensions: 71
[2019-01-30 16:41:47.292] [sharedprocess] [info] Scanned system extensions: 71
[2019-01-30 16:41:47.310] [sharedprocess] [info] Scanned system extensions: 71
[2019-01-30 16:41:47.333] [sharedprocess] [info] Scanned system extensions: 71
[2019-01-30 16:41:49.899] [sharedprocess] [info] Scanned user extensions: 11
[2019-01-30 16:42:51.442] [sharedprocess] [info] Scanned user extensions: 11
[2019-01-30 16:42:51.517] [sharedprocess] [info] Scanned system extensions: 71
[2019-01-30 16:42:52.053] [sharedprocess] [info] Scanned user extensions: 11
